<?xml version="1.0" encoding="UTF-8"?>
<Site BuildName="(empty)"
	BuildStamp="20240715-0844-Experimental"
	Name="LAPTOP-T3Q5P887"
	Generator="ctest-3.16.3"
	CompilerName="/usr/bin/c++"
	CompilerVersion="9.4.0"
	OSName="Linux"
	Hostname="LAPTOP-T3Q5P887"
	OSRelease="5.15.146.1-microsoft-standard-WSL2"
	OSVersion="#1 SMP Thu Jan 11 04:09:03 UTC 2024"
	OSPlatform="x86_64"
	Is64Bits="1"
	VendorString="AuthenticAMD"
	VendorID="Advanced Micro Devices"
	FamilyID="23"
	ModelID="24"
	ProcessorCacheSize="512"
	NumberOfLogicalCPU="8"
	NumberOfPhysicalCPU="4"
	TotalVirtualMemory="2048"
	TotalPhysicalMemory="6910"
	LogicalProcessorsPerPhysical="2"
	ProcessorClockFrequency="2096"
	>
	<Testing>
		<StartDateTime>Jul 15 15:44 +07</StartDateTime>
		<StartTestTime>1721033095</StartTestTime>
		<TestList/>
		<EndDateTime>Jul 15 15:44 +07</EndDateTime>
		<EndTestTime>1721033095</EndTestTime>
		<ElapsedMinutes>0</ElapsedMinutes>
	</Testing>
</Site>
